<?xml version="1.0" encoding="UTF-8"?>
<!-- Generated by org.testng.reporters.JUnitReportReporter -->
<testsuite hostname="DESKTOP-K73LLGJ" failures="0" tests="1" name="myStore.test.myStoreTest2$myToursTest" time="8.303" errors="0" timestamp="2020-04-10T18:06:30 CEST" skipped="0">
  <testcase classname="myStore.test.myStoreTest2$myToursTest" name="testWomenDresses" time="8.303"/>
  <system-out/>
</testsuite> <!-- myStore.test.myStoreTest2$myToursTest -->
